<?xml version="1.0" encoding="UTF-8"?>
<robot generator="Robot 7.2 (Python 3.11.9 on win32)" generated="2025-02-11T11:03:54.882877" rpa="false" schemaversion="5">
<suite id="s1" name="TestRobot" source="C:\Users\elswo\OneDrive\เดสก์ท็อป\TestRobot">
<suite id="s1-s1" name="TestRobot" source="C:\Users\elswo\OneDrive\เดสก์ท็อป\TestRobot\TestRobot.robot">
<kw name="Open Browser" owner="SeleniumLibrary" type="SETUP">
<msg time="2025-02-11T11:03:55.124061" level="INFO">Opening browser 'Chrome' to base url 'http://automationexercise.com'.</msg>
<arg>${URL}</arg>
<arg>${BROWSER}</arg>
<doc>Opens a new browser instance to the optional ``url``.</doc>
<status status="PASS" start="2025-02-11T11:03:55.123063" elapsed="6.961902"/>
</kw>
<test id="s1-s1-t1" name="Test Scroll Page" line="12">
<kw name="Verify Home Page Is Visible">
<kw name="Wait Until Page Contains" owner="SeleniumLibrary">
<arg>Home</arg>
<doc>Waits until ``text`` appears on the current page.</doc>
<status status="PASS" start="2025-02-11T11:04:02.089042" elapsed="0.021916"/>
</kw>
<kw name="Page Should Contain Element" owner="SeleniumLibrary">
<msg time="2025-02-11T11:04:02.127748" level="INFO">Current page contains element '//a[contains(text(),'Home')]'.</msg>
<arg>//a[contains(text(),'Home')]</arg>
<doc>Verifies that element ``locator`` is found on the current page.</doc>
<status status="PASS" start="2025-02-11T11:04:02.111984" elapsed="0.016747"/>
</kw>
<status status="PASS" start="2025-02-11T11:04:02.088043" elapsed="0.040688"/>
</kw>
<kw name="Scroll Down To Bottom">
<kw name="Execute Javascript" owner="SeleniumLibrary">
<msg time="2025-02-11T11:04:02.129731" level="INFO">Executing JavaScript:
window.scrollTo(0, document.body.scrollHeight)
Without any arguments.</msg>
<arg>window.scrollTo(0, document.body.scrollHeight)</arg>
<doc>Executes the given JavaScript code with possible arguments.</doc>
<status status="PASS" start="2025-02-11T11:04:02.129731" elapsed="0.012088"/>
</kw>
<status status="PASS" start="2025-02-11T11:04:02.128731" elapsed="0.013088"/>
</kw>
<kw name="Verify Subscription Section Is Visible">
<kw name="Input Text" owner="SeleniumLibrary">
<msg time="2025-02-11T11:04:02.145836" level="INFO">Typing text 'test@com' into text field '//*[@id="susbscribe_email"]'.</msg>
<arg>//*[@id="susbscribe_email"]</arg>
<arg>${USERNAME}</arg>
<doc>Types the given ``text`` into the text field identified by ``locator``.</doc>
<status status="PASS" start="2025-02-11T11:04:02.143822" elapsed="0.144416"/>
</kw>
<kw name="Page Should Contain Element" owner="SeleniumLibrary">
<msg time="2025-02-11T11:04:02.307784" level="INFO">Current page contains element '//*[@id="susbscribe_email"]'.</msg>
<arg>//*[@id="susbscribe_email"]</arg>
<doc>Verifies that element ``locator`` is found on the current page.</doc>
<status status="PASS" start="2025-02-11T11:04:02.288238" elapsed="0.020562"/>
</kw>
<status status="PASS" start="2025-02-11T11:04:02.142821" elapsed="0.165979"/>
</kw>
<kw name="Scroll Up To Top">
<kw name="Execute Javascript" owner="SeleniumLibrary">
<msg time="2025-02-11T11:04:02.312796" level="INFO">Executing JavaScript:
window.scrollTo(0, 0)
Without any arguments.</msg>
<arg>window.scrollTo(0, 0)</arg>
<doc>Executes the given JavaScript code with possible arguments.</doc>
<status status="PASS" start="2025-02-11T11:04:02.311808" elapsed="0.012042"/>
</kw>
<kw name="Sleep" owner="BuiltIn">
<msg time="2025-02-11T11:04:03.326044" level="INFO">Slept 1 second.</msg>
<arg>1s</arg>
<doc>Pauses the test executed for the given time.</doc>
<status status="PASS" start="2025-02-11T11:04:02.324864" elapsed="1.002226"/>
</kw>
<status status="PASS" start="2025-02-11T11:04:02.310783" elapsed="1.016307"/>
</kw>
<kw name="Verify Page Scrolled Up">
<kw name="Wait Until Page Contains" owner="SeleniumLibrary">
<arg>Full-Fledged practice website for Automation Engineers</arg>
<arg>timeout=5s</arg>
<doc>Waits until ``text`` appears on the current page.</doc>
<status status="PASS" start="2025-02-11T11:04:03.330113" elapsed="0.033034"/>
</kw>
<status status="PASS" start="2025-02-11T11:04:03.328100" elapsed="0.036029"/>
</kw>
<status status="PASS" start="2025-02-11T11:04:02.086496" elapsed="1.278635"/>
</test>
<kw name="Close Browser" owner="SeleniumLibrary" type="TEARDOWN">
<doc>Closes the current browser.</doc>
<status status="PASS" start="2025-02-11T11:04:03.367130" elapsed="2.178951"/>
</kw>
<status status="PASS" start="2025-02-11T11:03:54.905879" elapsed="10.640202"/>
</suite>
<status status="PASS" start="2025-02-11T11:03:54.886887" elapsed="10.661737"/>
</suite>
<statistics>
<total>
<stat pass="1" fail="0" skip="0">All Tests</stat>
</total>
<tag>
</tag>
<suite>
<stat name="TestRobot" id="s1" pass="1" fail="0" skip="0">TestRobot</stat>
<stat name="TestRobot" id="s1-s1" pass="1" fail="0" skip="0">TestRobot.TestRobot</stat>
</suite>
</statistics>
<errors>
</errors>
</robot>
